Todoc/app/build/intermediates/manifest_merge_blame_file/debug/manifest-merger-blame-debug-report.txt
1<?xml version="1.0" encoding="utf-8"?>
2<manifest xmlns:android="http://schemas.android.com/apk/res/android"
3    package="com.cleanup.todoc"
4    android:versionCode="1"
5    android:versionName="1.0" >
6
7    <uses-sdk
8        android:minSdkVersion="21"
8-->src\main\AndroidManifest.xml
9        android:targetSdkVersion="28" />
9-->src\main\AndroidManifest.xml
10    <!-- Ignore GoogleAppIndexingWarning is safe because we don't want the app to be indexable -->
11    <application
11-->src\main\AndroidManifest.xml:6:5-22:19
12        android:allowBackup="false"
12-->src\main\AndroidManifest.xml:7:9-36
13        android:appComponentFactory="android.support.v4.app.CoreComponentFactory"
13-->[com.android.support:support-compat:28.0.0] AndroidManifest.xml:22:18-91
14        android:debuggable="true"
15        android:icon="@mipmap/ic_launcher"
15-->src\main\AndroidManifest.xml:8:9-43
16        android:label="@string/app_name"
16-->src\main\AndroidManifest.xml:9:9-41
17        android:roundIcon="@mipmap/ic_launcher_round"
17-->src\main\AndroidManifest.xml:10:9-54
18        android:supportsRtl="true"
18-->src\main\AndroidManifest.xml:11:9-35
19        android:theme="@style/AppTheme" >
19-->src\main\AndroidManifest.xml:12:9-40
20        <activity
20-->src\main\AndroidManifest.xml:14:9-21:20
21            android:name="com.cleanup.todoc.ui.MainActivity"
21-->src\main\AndroidManifest.xml:15:13-44
22            android:label="@string/app_name" >
22-->src\main\AndroidManifest.xml:16:13-45
23            <intent-filter>
23-->src\main\AndroidManifest.xml:17:13-20:29
24                <action android:name="android.intent.action.MAIN" />
24-->src\main\AndroidManifest.xml:18:17-69
24-->src\main\AndroidManifest.xml:18:25-66
25
26                <category android:name="android.intent.category.LAUNCHER" />
26-->src\main\AndroidManifest.xml:19:17-77
26-->src\main\AndroidManifest.xml:19:27-74
27            </intent-filter>
28        </activity>
29
30        <provider
30-->[android.arch.lifecycle:extensions:1.1.1] AndroidManifest.xml:23:9-27:43
31            android:name="android.arch.lifecycle.ProcessLifecycleOwnerInitializer"
31-->[android.arch.lifecycle:extensions:1.1.1] AndroidManifest.xml:24:13-83
32            android:authorities="com.cleanup.todoc.lifecycle-trojan"
32-->[android.arch.lifecycle:extensions:1.1.1] AndroidManifest.xml:25:13-68
33            android:exported="false"
33-->[android.arch.lifecycle:extensions:1.1.1] AndroidManifest.xml:26:13-37
34            android:multiprocess="true" />
34-->[android.arch.lifecycle:extensions:1.1.1] AndroidManifest.xml:27:13-40
35    </application>
36
37</manifest>